<?xml version="1.0" encoding="UTF-8"?>
<!-- Generated by org.testng.reporters.JUnitReportReporter -->
<testsuite hostname="DESKTOP-FFKH9HB" failures="0" tests="9" name="TestNgpackage2.APIAutomation" time="0.008" errors="0" timestamp="2022-11-04T23:32:29 AEST" skipped="1">
  <testcase classname="TestNgpackage2.APIAutomation" name="selenium" time="0.001"/>
  <system-out/>
  <testcase classname="TestNgpackage2.APIAutomation" name="mobile2" time="0.000"/>
  <system-out/>
  <testcase classname="TestNgpackage2.APIAutomation" name="mobile" time="0.001"/>
  <system-out/>
  <testcase classname="TestNgpackage2.APIAutomation" name="selenium2" time="0.001"/>
  <system-out/>
  <testcase classname="TestNgpackage2.APIAutomation" name="api2" time="0.005"/>
  <system-out/>
  <testcase classname="TestNgpackage2.APIAutomation" name="selenium1" time="0.000"/>
  <system-out/>
  <testcase classname="TestNgpackage2.APIAutomation" name="mobile1" time="0.000"/>
  <system-out/>
  <testcase classname="TestNgpackage2.APIAutomation" name="api" time="0.000"/>
  <system-out/>
  <testcase classname="TestNgpackage2.APIAutomation" name="api1">
    <skipped/>
  </testcase> <!-- api1 -->
  <system-out/>
</testsuite> <!-- TestNgpackage2.APIAutomation -->
