<?xml version="1.0" encoding="UTF-8"?>
<!-- Generated by org.testng.reporters.JUnitReportReporter -->
<testsuite hostname="DESKTOP-FFKH9HB" failures="0" tests="2" name="TestNgTest.TestNgFirstClass" time="0.000" errors="0" timestamp="2022-11-03T23:26:10 AEST" skipped="0">
  <testcase classname="TestNgTest.TestNgFirstClass" name="secondMethod" time="0.000"/>
  <system-out/>
  <testcase classname="TestNgTest.TestNgFirstClass" name="demo" time="0.000"/>
  <system-out/>
</testsuite> <!-- TestNgTest.TestNgFirstClass -->
