<?xml version="1.0" encoding="UTF-8"?>
<!-- Generated by org.testng.reporters.JUnitReportReporter -->
<testsuite hostname="DESKTOP-FFKH9HB" failures="0" tests="3" name="TestNgpackage2.SeleniumAutomation" time="0.000" errors="0" timestamp="2022-11-04T23:21:03 AEST" skipped="0">
  <testcase classname="TestNgpackage2.SeleniumAutomation" name="selenium1" time="0.000"/>
  <system-out/>
  <testcase classname="TestNgpackage2.SeleniumAutomation" name="selenium2" time="0.000"/>
  <system-out/>
  <testcase classname="TestNgpackage2.SeleniumAutomation" name="selenium" time="0.000"/>
  <system-out/>
</testsuite> <!-- TestNgpackage2.SeleniumAutomation -->
