<?xml version="1.0" encoding="UTF-8"?>
<!-- Generated by org.testng.reporters.JUnitReportReporter -->
<testsuite hostname="DESKTOP-FFKH9HB" failures="0" tests="3" name="TestNgpackage2.APIAutomation" time="0.005" errors="0" timestamp="2022-11-03T23:26:10 AEST" skipped="0">
  <testcase classname="TestNgpackage2.APIAutomation" name="api1" time="0.000"/>
  <system-out/>
  <testcase classname="TestNgpackage2.APIAutomation" name="api" time="0.005"/>
  <system-out/>
  <testcase classname="TestNgpackage2.APIAutomation" name="api2" time="0.000"/>
  <system-out/>
</testsuite> <!-- TestNgpackage2.APIAutomation -->
