<?xml version="1.0" encoding="UTF-8"?>
<!-- Generated by org.testng.reporters.JUnitReportReporter -->
<testsuite hostname="DESKTOP-FFKH9HB" failures="0" tests="1" name="TestNgTest.TestNgFirstClass" time="0.004" errors="0" timestamp="2022-10-31T23:52:53 AEST" skipped="0">
  <testcase classname="TestNgTest.TestNgFirstClass" name="demo" time="0.004"/>
  <system-out/>
</testsuite> <!-- TestNgTest.TestNgFirstClass -->
