<?xml version="1.0" encoding="UTF-8"?>
<!-- Generated by org.testng.reporters.JUnitReportReporter -->
<testsuite hostname="DESKTOP-FFKH9HB" failures="0" tests="1" name="TestNgpackage2.MobileAutomation" time="0.000" errors="0" timestamp="2022-11-04T13:55:49 AEST" skipped="0">
  <testcase classname="TestNgpackage2.MobileAutomation" name="mobile" time="0.000"/>
  <system-out/>
</testsuite> <!-- TestNgpackage2.MobileAutomation -->
