<?xml version="1.0" encoding="UTF-8"?>
<!-- Generated by org.testng.reporters.JUnitReportReporter -->
<testsuite hostname="DESKTOP-FFKH9HB" failures="0" tests="2" name="TestNgTest.TestNgFirstClass" time="0.003" errors="0" timestamp="2022-11-03T23:16:45 AEST" skipped="0">
  <testcase classname="TestNgTest.TestNgFirstClass" name="secondMethod" time="0.002"/>
  <system-out/>
  <testcase classname="TestNgTest.TestNgFirstClass" name="demo" time="0.001"/>
  <system-out/>
</testsuite> <!-- TestNgTest.TestNgFirstClass -->
