<?xml version="1.0" encoding="UTF-8"?>
<!-- Generated by org.testng.reporters.JUnitReportReporter -->
<testsuite hostname="DESKTOP-FFKH9HB" failures="0" tests="3" name="TestNgpackage2.MobileAutomation" time="0.006" errors="0" timestamp="2022-11-03T23:16:45 AEST" skipped="0">
  <testcase classname="TestNgpackage2.MobileAutomation" name="mobile1" time="0.002"/>
  <system-out/>
  <testcase classname="TestNgpackage2.MobileAutomation" name="mobile" time="0.003"/>
  <system-out/>
  <testcase classname="TestNgpackage2.MobileAutomation" name="mobile2" time="0.001"/>
  <system-out/>
</testsuite> <!-- TestNgpackage2.MobileAutomation -->
