<?xml version="1.0" encoding="UTF-8"?>
<!-- Generated by org.testng.reporters.JUnitReportReporter -->
<testsuite hostname="DESKTOP-FFKH9HB" failures="0" tests="1" name="TestNgTest.TestNgSecondClass" time="0.001" errors="0" timestamp="2022-11-03T23:16:45 AEST" skipped="0">
  <testcase classname="TestNgTest.TestNgSecondClass" name="SecondClass" time="0.001"/>
  <system-out/>
</testsuite> <!-- TestNgTest.TestNgSecondClass -->
