<?xml version="1.0" encoding="UTF-8"?>
<!-- Generated by org.testng.reporters.JUnitReportReporter -->
<testsuite hostname="DESKTOP-FFKH9HB" failures="0" tests="3" name="TestNgpackage2.APIAutomation" time="0.012" errors="0" timestamp="2022-11-03T23:16:45 AEST" skipped="0">
  <testcase classname="TestNgpackage2.APIAutomation" name="api" time="0.009"/>
  <system-out/>
  <testcase classname="TestNgpackage2.APIAutomation" name="api2" time="0.001"/>
  <system-out/>
  <testcase classname="TestNgpackage2.APIAutomation" name="api1" time="0.002"/>
  <system-out/>
</testsuite> <!-- TestNgpackage2.APIAutomation -->
